<?xml version="1.0" encoding="UTF-8"?>
<testng-results skipped="0" failed="0" ignored="0" total="1" passed="1">
  <reporter-output>
  </reporter-output>
  <suite name="Default suite" duration-ms="156805" started-at="2019-02-19T09:37:25Z" finished-at="2019-02-19T09:40:01Z">
    <groups>
    </groups>
    <test name="Default test" duration-ms="156805" started-at="2019-02-19T09:37:25Z" finished-at="2019-02-19T09:40:01Z">
      <class name="qa.TestCases.AddPositionPageTest">
        <test-method status="PASS" signature="setUp()[pri:0, instance:qa.TestCases.AddPositionPageTest@55f3ddb1]" name="setUp" is-config="true" duration-ms="31018" started-at="2019-02-19T15:07:25Z" finished-at="2019-02-19T15:07:56Z">
          <reporter-output>
          </reporter-output>
        </test-method> <!-- setUp -->
        <test-method status="PASS" signature="clickOnAddPosition(java.lang.String, java.lang.String, java.lang.String)[pri:1, instance:qa.TestCases.AddPositionPageTest@55f3ddb1]" name="clickOnAddPosition" duration-ms="124947" started-at="2019-02-19T15:07:56Z" data-provider="AddPosition" finished-at="2019-02-19T15:10:01Z">
          <params>
            <param index="0">
              <value>
                <![CDATA[CI055]]>
              </value>
            </param>
            <param index="1">
              <value>
                <![CDATA[Course]]>
              </value>
            </param>
            <param index="2">
              <value>
                <![CDATA[Course Instructor]]>
              </value>
            </param>
          </params>
          <reporter-output>
          </reporter-output>
        </test-method> <!-- clickOnAddPosition -->
      </class> <!-- qa.TestCases.AddPositionPageTest -->
    </test> <!-- Default test -->
  </suite> <!-- Default suite -->
</testng-results>
